'06/21/2020','02:10:46','CRIT','ExceptionHandler','SQLSTATE[HY000] [1049] Unknown database 'siremis'',''
'06/24/2020','12:30:36','CRIT','ErrorHandler','Smarty error: [in system_header.tpl.html line 43]: syntax error: unrecognized tag: alert('heebj');
	$(&quot;#header_right&quot;).hover(function(){
		$(this).addClass(&quot;Mydivadd&quot;); (Smarty_Compiler.class.php, line 441)',''
'06/24/2020','12:30:52','CRIT','ErrorHandler','Smarty error: [in system_header.tpl.html line 43]: syntax error: unrecognized tag: alert('heebj');
	$(&quot;#header_right&quot;).hover(function(){
		$(this).addClass(&quot;Mydivadd&quot;); (Smarty_Compiler.class.php, line 441)',''
'06/25/2020','05:42:19','CRIT','ExceptionHandler','Directory name must not be empty.',''
'06/29/2020','11:49:43','CRIT','ErrorHandler','Unable to location template file system_view.tpl.html.',''
'06/29/2020','11:49:46','CRIT','ErrorHandler','Unable to location template file system_view.tpl.html.',''
'06/29/2020','11:51:49','CRIT','ErrorHandler','Unable to location template file system_right_listform.tpl.html.',''
'06/29/2020','12:34:13','CRIT','ErrorHandler','Unable to location template file system_right_detailform.tpl.html.',''
'06/29/2020','12:49:57','CRIT','ErrorHandler','Unable to location template file system_right_detailform.tpl.html.',''
'06/29/2020','12:50:05','CRIT','ErrorHandler','Unable to location template file system_right_detailform.tpl.html.',''
'06/29/2020','12:50:25','CRIT','ErrorHandler','Unable to location template file system_right_detailform.tpl.html.',''
'07/03/2020','03:28:02','CRIT','ErrorHandler','Metadata file parsing error for file /var/www/siremis/siremis/modules/system/form/UserEditForm.xml. Please double check your metadata xml file again.',''
'07/07/2020','09:55:18','CRIT','ErrorHandler','Metadata file parsing error for file /var/www/siremis/siremis/modules/system/form/UserListForm.xml. Please double check your metadata xml file again.',''
'07/07/2020','09:55:25','CRIT','ErrorHandler','Metadata file parsing error for file /var/www/siremis/siremis/modules/system/form/UserListForm.xml. Please double check your metadata xml file again.',''
'07/07/2020','10:17:31','CRIT','ErrorHandler','Metadata file parsing error for file /var/www/siremis/siremis/modules/system/form/UserListForm.xml. Please double check your metadata xml file again.',''
'07/07/2020','10:17:31','CRIT','ErrorHandler','Metadata file parsing error for file /var/www/siremis/siremis/modules/system/form/UserListForm.xml. Please double check your metadata xml file again.',''
'07/07/2020','10:17:38','CRIT','ErrorHandler','Metadata file parsing error for file /var/www/siremis/siremis/modules/system/form/UserListForm.xml. Please double check your metadata xml file again.',''
'07/07/2020','10:28:44','CRIT','ErrorHandler','Metadata file parsing error for file /var/www/siremis/siremis/modules/system/form/UserListForm.xml. Please double check your metadata xml file again.',''
'07/07/2020','10:40:24','CRIT','ErrorHandler','Metadata file parsing error for file /var/www/siremis/siremis/modules/system/form/UserListForm.xml. Please double check your metadata xml file again.',''
'07/07/2020','10:40:24','CRIT','ErrorHandler','Metadata file parsing error for file /var/www/siremis/siremis/modules/system/form/UserListForm.xml. Please double check your metadata xml file again.',''
'07/07/2020','10:43:36','CRIT','ErrorHandler','Metadata file parsing error for file /var/www/siremis/siremis/modules/system/form/UserListForm.xml. Please double check your metadata xml file again.',''
'07/07/2020','10:43:37','CRIT','ErrorHandler','Metadata file parsing error for file /var/www/siremis/siremis/modules/system/form/UserListForm.xml. Please double check your metadata xml file again.',''
'07/07/2020','12:09:11','CRIT','ErrorHandler','Metadata file parsing error for file /var/www/siremis/siremis/modules/system/form/UserListForm.xml. Please double check your metadata xml file again.',''
'07/07/2020','12:09:15','CRIT','ErrorHandler','Metadata file parsing error for file /var/www/siremis/siremis/modules/system/form/UserListForm.xml. Please double check your metadata xml file again.',''
'07/07/2020','12:09:30','CRIT','ErrorHandler','Metadata file parsing error for file /var/www/siremis/siremis/modules/system/form/UserListForm.xml. Please double check your metadata xml file again.',''
'07/07/2020','12:09:34','CRIT','ErrorHandler','Metadata file parsing error for file /var/www/siremis/siremis/modules/system/form/UserListForm.xml. Please double check your metadata xml file again.',''
'07/07/2020','12:09:34','CRIT','ErrorHandler','Metadata file parsing error for file /var/www/siremis/siremis/modules/system/form/UserListForm.xml. Please double check your metadata xml file again.',''
'07/07/2020','12:12:06','CRIT','ErrorHandler','Metadata file parsing error for file /var/www/siremis/siremis/modules/system/form/UserListForm.xml. Please double check your metadata xml file again.',''
'07/07/2020','12:12:09','CRIT','ErrorHandler','Metadata file parsing error for file /var/www/siremis/siremis/modules/system/form/UserListForm.xml. Please double check your metadata xml file again.',''
'07/07/2020','12:12:11','CRIT','ErrorHandler','Metadata file parsing error for file /var/www/siremis/siremis/modules/system/form/UserListForm.xml. Please double check your metadata xml file again.',''
'07/07/2020','12:14:18','CRIT','ErrorHandler','Metadata file parsing error for file /var/www/siremis/siremis/modules/system/form/UserListForm.xml. Please double check your metadata xml file again.',''
'07/07/2020','12:14:24','CRIT','ErrorHandler','Metadata file parsing error for file /var/www/siremis/siremis/modules/system/form/UserListForm.xml. Please double check your metadata xml file again.',''
'07/07/2020','12:14:30','CRIT','ErrorHandler','Metadata file parsing error for file /var/www/siremis/siremis/modules/system/form/UserListForm.xml. Please double check your metadata xml file again.',''
'07/07/2020','12:16:54','CRIT','ErrorHandler','Metadata file parsing error for file /var/www/siremis/siremis/modules/system/form/UserListForm.xml. Please double check your metadata xml file again.',''
'07/07/2020','12:16:58','CRIT','ErrorHandler','Metadata file parsing error for file /var/www/siremis/siremis/modules/system/form/UserListForm.xml. Please double check your metadata xml file again.',''
'07/07/2020','12:17:01','CRIT','ErrorHandler','Metadata file parsing error for file /var/www/siremis/siremis/modules/system/form/UserListForm.xml. Please double check your metadata xml file again.',''
'07/07/2020','12:17:02','CRIT','ErrorHandler','Metadata file parsing error for file /var/www/siremis/siremis/modules/system/form/UserListForm.xml. Please double check your metadata xml file again.',''
'07/08/2020','06:33:29','CRIT','ErrorHandler','Smarty error: [in /var/www/siremis/siremis/themes/default/template/system_right_listform.tpl.html line 110]: syntax error: unrecognized tag: {desserts.count (Smarty_Compiler.class.php, line 441)',''
'07/08/2020','06:33:34','CRIT','ErrorHandler','Smarty error: [in /var/www/siremis/siremis/themes/default/template/system_right_listform.tpl.html line 110]: syntax error: unrecognized tag: {desserts.count (Smarty_Compiler.class.php, line 441)',''
'07/08/2020','07:44:55','CRIT','ExceptionHandler','Wrong expression syntax @:Elem[fld_status].Value, cannot get property object Elem[fld_status] of object ',''
'07/08/2020','07:44:55','CRIT','ExceptionHandler','Wrong expression syntax @:Elem[fld_status].Value, cannot get property object Elem[fld_status] of object ',''
'07/08/2020','07:44:58','CRIT','ExceptionHandler','Wrong expression syntax @:Elem[fld_status].Value, cannot get property object Elem[fld_status] of object ',''
'07/08/2020','07:45:10','CRIT','ExceptionHandler','Class 'ColumnBool 123' not found',''
'07/08/2020','07:45:10','CRIT','ExceptionHandler','Class 'ColumnBool 123' not found',''
'07/08/2020','07:45:10','CRIT','ExceptionHandler','Class 'ColumnBool 123' not found',''
'07/08/2020','07:45:14','CRIT','ExceptionHandler','Class 'ColumnBool 123' not found',''
'07/08/2020','09:33:42','CRIT','ErrorHandler','Metadata file parsing error for file /var/www/siremis/siremis/modules/system/form/RoleListForm.xml. Please double check your metadata xml file again.',''
'07/08/2020','09:33:44','CRIT','ErrorHandler','Metadata file parsing error for file /var/www/siremis/siremis/modules/system/form/RoleListForm.xml. Please double check your metadata xml file again.',''
'07/08/2020','09:33:44','CRIT','ErrorHandler','Metadata file parsing error for file /var/www/siremis/siremis/modules/system/form/RoleListForm.xml. Please double check your metadata xml file again.',''
'07/08/2020','09:33:55','CRIT','ErrorHandler','Metadata file parsing error for file /var/www/siremis/siremis/modules/system/form/RoleListForm.xml. Please double check your metadata xml file again.',''
'07/08/2020','09:33:56','CRIT','ErrorHandler','Metadata file parsing error for file /var/www/siremis/siremis/modules/system/form/RoleListForm.xml. Please double check your metadata xml file again.',''
'07/08/2020','09:33:58','CRIT','ErrorHandler','Metadata file parsing error for file /var/www/siremis/siremis/modules/system/form/RoleListForm.xml. Please double check your metadata xml file again.',''
'07/08/2020','09:33:59','CRIT','ErrorHandler','Metadata file parsing error for file /var/www/siremis/siremis/modules/system/form/RoleListForm.xml. Please double check your metadata xml file again.',''
'07/08/2020','10:31:26','CRIT','ExceptionHandler','Wrong expression syntax @:Elem[fld_status].Value, cannot get property object Elem[fld_status] of object ',''
'07/08/2020','10:33:05','CRIT','ExceptionHandler','Wrong expression syntax @:Elem[fld_status].Value, cannot get property object Elem[fld_status] of object ',''
'07/08/2020','10:33:10','CRIT','ExceptionHandler','Wrong expression syntax @:Elem[fld_status].Value, cannot get property object Elem[fld_status] of object ',''
'07/08/2020','10:33:10','CRIT','ExceptionHandler','Wrong expression syntax @:Elem[fld_status].Value, cannot get property object Elem[fld_status] of object ',''
'07/09/2020','10:34:38','CRIT','ExceptionHandler','Call to a member function getProperty() on null',''
'07/16/2020','08:40:28','CRIT','ErrorHandler','Metadata file parsing error for file /var/www/siremis/siremis/modules/menu/form/MenuNewForm.xml. Please double check your metadata xml file again.',''
'07/16/2020','08:40:30','CRIT','ErrorHandler','Metadata file parsing error for file /var/www/siremis/siremis/modules/menu/form/MenuNewForm.xml. Please double check your metadata xml file again.',''
'07/16/2020','08:40:32','CRIT','ErrorHandler','Metadata file parsing error for file /var/www/siremis/siremis/modules/menu/form/MenuNewForm.xml. Please double check your metadata xml file again.',''
'07/16/2020','09:22:49','CRIT','ErrorHandler','Metadata file parsing error for file /var/www/siremis/siremis/modules/cronjob/form/CronjobEditForm.xml. Please double check your metadata xml file again.',''
'07/16/2020','09:42:08','CRIT','ErrorHandler','Metadata file parsing error for file /var/www/siremis/siremis/modules/help/form/HelpEditForm.xml. Please double check your metadata xml file again.',''
'07/16/2020','11:33:58','CRIT','ErrorHandler','Metadata file parsing error for file /var/www/siremis/siremis/modules/sipuser/sbs/msilo/form/SiloListForm.xml. Please double check your metadata xml file again.',''
'07/16/2020','11:44:25','CRIT','ExceptionHandler','Class 'mdc-text-field--filled' not found',''
'07/17/2020','08:47:16','CRIT','ErrorHandler','Smarty error: [in /var/www/siremis/siremis/themes/default/template/system_right_detailform.tpl.html line 92]: syntax error: mismatched tag {/foreach}. expected {/if} (opened line 47). (Smarty_Compiler.class.php, line 2338)',''
'07/17/2020','12:17:27','CRIT','ErrorHandler','Object sipadmin.srv.mtree.form.MtreeListForm doesn't have such a method GetSiremisCmdPage.',''
'07/18/2020','08:31:59','CRIT','ErrorHandler','Metadata file parsing error for object sipadmin.view.LcrGwListView. Name attribut [PdtListForm] not same with object name. Please double check your metadata xml file again.',''
'07/20/2020','06:44:09','CRIT','ExceptionHandler','Error in query:: SELECT T0.id, T0.table_name, T0.table_version FROM  `version` T0   LIMIT 10. SQLSTATE[42S22]: Column not found: 1054 Unknown column 'T0.id' in 'field list'',''
'07/20/2020','07:00:12','CRIT','ExceptionHandler','Error in query:: SELECT T0.id, T0.action, T0.type, T0.data FROM  `secfilter` T0   LIMIT 10. SQLSTATE[42S02]: Base table or view not found: 1146 Table 'kamailio.secfilter' doesn't exist',''
'07/20/2020','07:01:20','CRIT','ExceptionHandler','Error in query:: SELECT T0.id, T0.action, T0.type, T0.data FROM  `secfilter` T0   LIMIT 10. SQLSTATE[42S02]: Base table or view not found: 1146 Table 'kamailio.secfilter' doesn't exist',''
'07/20/2020','07:05:44','CRIT','ExceptionHandler','Error in query:: SELECT T0.id, T0.action, T0.type, T0.data FROM  `secfilter` T0   LIMIT 10. SQLSTATE[42S02]: Base table or view not found: 1146 Table 'kamailio.secfilter' doesn't exist',''
'07/20/2020','07:07:00','CRIT','ExceptionHandler','Error in query:: SELECT T0.id, T0.action, T0.type, T0.data FROM  `secfilter` T0   LIMIT 10. SQLSTATE[42S02]: Base table or view not found: 1146 Table 'kamailio.secfilter' doesn't exist',''
'07/20/2020','07:07:11','CRIT','ExceptionHandler','Error in query:: SELECT T0.id, T0.action, T0.type, T0.data FROM  `secfilter` T0   LIMIT 10. SQLSTATE[42S02]: Base table or view not found: 1146 Table 'kamailio.secfilter' doesn't exist',''
'07/20/2020','07:08:02','CRIT','ExceptionHandler','Error in query:: SELECT T0.id, T0.action, T0.type, T0.data FROM  `secfilter` T0   LIMIT 10. SQLSTATE[42S02]: Base table or view not found: 1146 Table 'kamailio.secfilter' doesn't exist',''
'07/20/2020','07:08:15','CRIT','ExceptionHandler','Error in query:: SELECT T0.id, T0.table_name, T0.table_version FROM  `version` T0   LIMIT 10. SQLSTATE[42S22]: Column not found: 1054 Unknown column 'T0.id' in 'field list'',''
'07/20/2020','07:18:55','CRIT','ExceptionHandler','Error in query:: SELECT T0.id, T0.action, T0.type, T0.data FROM  `secfilter` T0   LIMIT 10. SQLSTATE[42S02]: Base table or view not found: 1146 Table 'kamailio.secfilter' doesn't exist',''
'07/20/2020','07:19:09','CRIT','ExceptionHandler','Error in query:: SELECT T0.id, T0.table_name, T0.table_version FROM  `version` T0   LIMIT 10. SQLSTATE[42S22]: Column not found: 1054 Unknown column 'T0.id' in 'field list'',''
'07/20/2020','07:21:26','CRIT','ExceptionHandler','Error in query:: SELECT T0.id, T0.action, T0.type, T0.data FROM  `secfilter` T0   LIMIT 10. SQLSTATE[42S02]: Base table or view not found: 1146 Table 'kamailio.secfilter' doesn't exist',''
'07/20/2020','08:35:20','CRIT','ErrorHandler','Metadata file parsing error for file /var/www/siremis/siremis/modules/sipadmin/srv/dialplan/form/DialplanEditForm.xml. Please double check your metadata xml file again.',''
'07/20/2020','08:37:12','CRIT','ErrorHandler','Metadata file parsing error for file /var/www/siremis/siremis/modules/sipadmin/srv/dialplan/form/DialplanEditForm.xml. Please double check your metadata xml file again.',''
'07/20/2020','09:45:51','CRIT','ErrorHandler','Object sipadmin.srv.mtree.form.MtreesListForm doesn't have such a method GetSiremisCmdPage.',''
'07/22/2020','09:20:10','CRIT','ExceptionHandler','Wrong expression syntax @:Elem[fld_status].Value, cannot get property object Elem[fld_status] of object ',''
'07/22/2020','09:42:14','CRIT','ErrorHandler','Metadata file parsing error for file /var/www/siremis/siremis/modules/translation/form/LanguageDetailForm.xml. Please double check your metadata xml file again.',''
'07/22/2020','10:09:27','CRIT','ExceptionHandler','Class 'mdc-text-field__input' not found',''
'07/22/2020','10:09:34','CRIT','ExceptionHandler','Class 'mdc-text-field__input' not found',''
'07/23/2020','05:48:17','CRIT','ExceptionHandler','Error in query:: SELECT T0.id, T0.action, T0.type, T0.data FROM  `secfilter` T0   LIMIT 10. SQLSTATE[42S02]: Base table or view not found: 1146 Table 'kamailio.secfilter' doesn't exist',''
'07/23/2020','05:48:44','CRIT','ExceptionHandler','Error in query:: SELECT T0.id, T0.table_name, T0.table_version FROM  `version` T0   LIMIT 10. SQLSTATE[42S22]: Column not found: 1054 Unknown column 'T0.id' in 'field list'',''
'07/23/2020','07:14:04','CRIT','ErrorHandler','Metadata file parsing error for file /var/www/siremis/siremis/modules/cache/form/CacheListForm.xml. Please double check your metadata xml file again.',''
'07/23/2020','07:35:16','CRIT','ErrorHandler','Smarty error: [in system_right_listform_grouping.tpl.html line 21]: syntax error: unidentified token '=' (Smarty_Compiler.class.php, line 1410)',''
'07/23/2020','07:35:36','CRIT','ErrorHandler','Smarty error: [in system_right_listform_grouping.tpl.html line 21]: syntax error: unidentified token '=' (Smarty_Compiler.class.php, line 1410)',''
'07/23/2020','07:35:40','CRIT','ErrorHandler','Smarty error: [in system_right_listform_grouping.tpl.html line 21]: syntax error: unidentified token '=' (Smarty_Compiler.class.php, line 1410)',''
'07/23/2020','07:35:55','CRIT','ErrorHandler','Smarty error: [in system_right_listform_grouping.tpl.html line 24]: syntax error: 'elseif' statement requires arguments (Smarty_Compiler.class.php, line 1270)',''
'07/23/2020','07:35:58','CRIT','ErrorHandler','Smarty error: [in system_right_listform_grouping.tpl.html line 24]: syntax error: 'elseif' statement requires arguments (Smarty_Compiler.class.php, line 1270)',''
'07/23/2020','07:36:11','CRIT','ErrorHandler','Smarty error: [in system_right_listform_grouping.tpl.html line 24]: syntax error: 'elseif' statement requires arguments (Smarty_Compiler.class.php, line 1270)',''
'07/23/2020','07:36:14','CRIT','ErrorHandler','Smarty error: [in system_right_listform_grouping.tpl.html line 24]: syntax error: 'elseif' statement requires arguments (Smarty_Compiler.class.php, line 1270)',''
'07/23/2020','07:41:42','CRIT','ExceptionHandler','syntax error, unexpected 'mdc' (T_STRING)',''
'07/23/2020','07:41:46','CRIT','ExceptionHandler','syntax error, unexpected 'mdc' (T_STRING)',''
'07/23/2020','07:54:06','CRIT','ExceptionHandler','syntax error, unexpected '{'',''
'07/23/2020','07:54:34','CRIT','ErrorHandler','Smarty error: [in system_right_listform_grouping.tpl.html line 1]: syntax error: unrecognized tag 'MDCSwitch' (Smarty_Compiler.class.php, line 585)',''
'07/23/2020','07:54:37','CRIT','ErrorHandler','Smarty error: [in system_right_listform_grouping.tpl.html line 1]: syntax error: unrecognized tag 'MDCSwitch' (Smarty_Compiler.class.php, line 585)',''
'07/23/2020','08:00:17','CRIT','ErrorHandler','Smarty error: [in system_right_listform_grouping.tpl.html line 1]: syntax error: unrecognized tag 'MDCSwitch' (Smarty_Compiler.class.php, line 585)',''
'07/23/2020','08:04:00','CRIT','ErrorHandler','Smarty error: [in system_view.tpl.html line 25]: syntax error: unrecognized tag 'MDCSwitch' (Smarty_Compiler.class.php, line 585)',''
'07/23/2020','08:07:33','CRIT','ErrorHandler','Smarty error: [in system_view.tpl.html line 20]: syntax error: unrecognized tag 'MDCSwitch' (Smarty_Compiler.class.php, line 585)',''
'07/23/2020','08:07:37','CRIT','ErrorHandler','Smarty error: [in system_view.tpl.html line 20]: syntax error: unrecognized tag 'MDCSwitch' (Smarty_Compiler.class.php, line 585)',''
'07/23/2020','08:12:26','CRIT','ErrorHandler','Smarty error: [in system_view.tpl.html line 20]: syntax error: unrecognized tag 'MDCSwitch' (Smarty_Compiler.class.php, line 585)',''
'07/23/2020','08:12:26','CRIT','ErrorHandler','Smarty error: [in system_view.tpl.html line 20]: syntax error: unrecognized tag 'MDCSwitch' (Smarty_Compiler.class.php, line 585)',''
'07/23/2020','08:12:26','CRIT','ErrorHandler','Smarty error: [in system_view.tpl.html line 20]: syntax error: unrecognized tag 'MDCSwitch' (Smarty_Compiler.class.php, line 585)',''
'07/23/2020','08:12:27','CRIT','ErrorHandler','Smarty error: [in system_view.tpl.html line 20]: syntax error: unrecognized tag 'MDCSwitch' (Smarty_Compiler.class.php, line 585)',''
'07/23/2020','08:12:27','CRIT','ErrorHandler','Smarty error: [in system_view.tpl.html line 20]: syntax error: unrecognized tag 'MDCSwitch' (Smarty_Compiler.class.php, line 585)',''
'07/23/2020','08:12:31','CRIT','ErrorHandler','Smarty error: [in system_right_listform_grouping.tpl.html line 2]: syntax error: unrecognized tag 'MDCSwitch' (Smarty_Compiler.class.php, line 585)',''
'07/23/2020','08:12:32','CRIT','ErrorHandler','Smarty error: [in system_right_listform_grouping.tpl.html line 2]: syntax error: unrecognized tag 'MDCSwitch' (Smarty_Compiler.class.php, line 585)',''
'07/23/2020','09:32:06','CRIT','ExceptionHandler','Call to undefined function alert()',''
'07/23/2020','09:32:13','CRIT','ExceptionHandler','Call to undefined function alert()',''
'07/23/2020','09:36:23','CRIT','ExceptionHandler','syntax error, unexpected ':'',''
'07/23/2020','09:36:28','CRIT','ExceptionHandler','syntax error, unexpected ':'',''
'07/23/2020','09:36:29','CRIT','ExceptionHandler','syntax error, unexpected ':'',''
'07/23/2020','09:37:00','CRIT','ExceptionHandler','syntax error, unexpected ':'',''
'07/23/2020','09:48:38','CRIT','ErrorHandler','Smarty error: [in system_view.tpl.html line 25]: syntax error: unrecognized tag 'var' (Smarty_Compiler.class.php, line 585)',''
'07/23/2020','09:48:41','CRIT','ErrorHandler','Smarty error: [in system_view.tpl.html line 25]: syntax error: unrecognized tag 'var' (Smarty_Compiler.class.php, line 585)',''
'07/23/2020','09:49:06','CRIT','ErrorHandler','Smarty error: [in system_view.tpl.html line 25]: syntax error: unrecognized tag 'var' (Smarty_Compiler.class.php, line 585)',''
'07/24/2020','07:57:03','CRIT','ExceptionHandler','Class 'CronService' not found',''
'07/29/2020','11:32:09','CRIT','ErrorHandler','Metadata file parsing error for file /var/www/siremis/siremis/modules/translation/form/TranslationListForm.xml. Please double check your metadata xml file again.',''
'07/31/2020','05:00:04','CRIT','ExceptionHandler','Error in query:: SELECT T0.id, T0.action, T0.type, T0.data FROM  `secfilter` T0   LIMIT 10. SQLSTATE[42S02]: Base table or view not found: 1146 Table 'kamailio.secfilter' doesn't exist',''
'07/31/2020','05:01:00','CRIT','ExceptionHandler','Error in query:: SELECT T0.id, T0.table_name, T0.table_version FROM  `version` T0   LIMIT 10. SQLSTATE[42S22]: Column not found: 1054 Unknown column 'T0.id' in 'field list'',''
'07/31/2020','05:37:44','CRIT','ErrorHandler','Smarty error: [in system_right_detailform.tpl.html line 10]: syntax error: unrecognized tag: type: 'date' (Smarty_Compiler.class.php, line 441)',''
'07/31/2020','05:37:46','CRIT','ErrorHandler','Smarty error: [in system_right_detailform.tpl.html line 10]: syntax error: unrecognized tag: type: 'date' (Smarty_Compiler.class.php, line 441)',''
'07/31/2020','05:37:51','CRIT','ErrorHandler','Smarty error: [in system_right_detailform.tpl.html line 10]: syntax error: unrecognized tag: type: 'date' (Smarty_Compiler.class.php, line 441)',''
'07/31/2020','05:38:32','CRIT','ErrorHandler','Smarty error: [in system_right_detailform.tpl.html line 131]: syntax error: unrecognized tag: type: 'date' (Smarty_Compiler.class.php, line 441)',''
'07/31/2020','05:40:29','CRIT','ErrorHandler','Smarty error: [in system_right_detailform.tpl.html line 130]: syntax error: unrecognized tag 'var' (Smarty_Compiler.class.php, line 585)',''
'07/31/2020','05:41:10','CRIT','ErrorHandler','Smarty error: [in system_right_detailform.tpl.html line 130]: syntax error: unrecognized tag 'var' (Smarty_Compiler.class.php, line 585)',''
'07/31/2020','05:41:55','CRIT','ErrorHandler','Smarty error: [in system_right_detailform.tpl.html line 130]: syntax error: unrecognized tag: alert('d');
                    var dialog = new mdDateTimePicker.default({
                      type: 'date' (Smarty_Compiler.class.php, line 441)',''
'07/31/2020','05:51:22','CRIT','ErrorHandler','Smarty error: [in system_right_detailform.tpl.html line 130]: syntax error: unrecognized tag 'var' (Smarty_Compiler.class.php, line 585)',''
'07/31/2020','05:57:35','CRIT','ErrorHandler','Smarty error: [in system_right_detailform.tpl.html line 130]: syntax error: unrecognized tag 'var' (Smarty_Compiler.class.php, line 585)',''
'07/31/2020','06:07:31','CRIT','ErrorHandler','Smarty error: [in system_right_detailform.tpl.html line 130]: syntax error: unrecognized tag 'var' (Smarty_Compiler.class.php, line 585)',''
'07/31/2020','06:08:02','CRIT','ErrorHandler','Smarty error: [in system_right_detailform.tpl.html line 130]: syntax error: unrecognized tag 'var' (Smarty_Compiler.class.php, line 585)',''
'07/31/2020','06:09:05','CRIT','ErrorHandler','Smarty error: [in system_right_detailform.tpl.html line 130]: syntax error: unrecognized tag 'var' (Smarty_Compiler.class.php, line 585)',''
'07/31/2020','06:09:18','CRIT','ErrorHandler','Smarty error: [in system_right_detailform.tpl.html line 130]: syntax error: unrecognized tag 'var' (Smarty_Compiler.class.php, line 585)',''
'07/31/2020','06:13:56','CRIT','ErrorHandler','Smarty error: [in system_right_detailform.tpl.html line 132]: syntax error: unrecognized tag: handlebars.registerPartial('main' , mainTemplate);

    var template = handlebars.compile()

    var MainView = Backbone.View.extend({
      el      : $('.home-content'),

      render  : function() {
        this.$el.html(mainTemplate); (Smarty_Compiler.class.php, line 441)',''
'07/31/2020','06:13:56','CRIT','ErrorHandler','Smarty error: [in system_right_detailform.tpl.html line 132]: syntax error: unrecognized tag: handlebars.registerPartial('main' , mainTemplate);

    var template = handlebars.compile()

    var MainView = Backbone.View.extend({
      el      : $('.home-content'),

      render  : function() {
        this.$el.html(mainTemplate); (Smarty_Compiler.class.php, line 441)',''
'08/03/2020','08:15:47','CRIT','ExceptionHandler','Error in query:: SELECT T0.id, T0.action, T0.type, T0.data FROM  `secfilter` T0   LIMIT 10. SQLSTATE[42S02]: Base table or view not found: 1146 Table 'kamailio.secfilter' doesn't exist',''
