'06/21/2020','07:24:24','ERR','ErrorHandler','Invalid argument supplied for foreach()',''
'06/21/2020','07:24:24','ERR','ErrorHandler','Invalid argument supplied for foreach()',''
'06/21/2020','07:24:24','ERR','ErrorHandler','Smarty error: unable to read resource: &quot;/var/www/siremis/siremis/themes/default/template/&quot;',''
'06/29/2020','08:28:01','ERR','ErrorHandler','Invalid argument supplied for foreach()',''
'06/29/2020','08:28:01','ERR','ErrorHandler','Invalid argument supplied for foreach()',''
'06/29/2020','08:28:01','ERR','ErrorHandler','Smarty error: unable to read resource: &quot;/var/www/siremis/siremis/themes/default/template/&quot;',''
'07/06/2020','08:32:18','ERR','ErrorHandler','Invalid argument supplied for foreach()',''
'07/06/2020','08:32:18','ERR','ErrorHandler','Invalid argument supplied for foreach()',''
'07/06/2020','08:32:18','ERR','ErrorHandler','Smarty error: unable to read resource: &quot;/var/www/siremis/siremis/themes/default/template/&quot;',''
'07/06/2020','11:25:00','ERR','ErrorHandler','Invalid argument supplied for foreach()',''
'07/06/2020','11:25:00','ERR','ErrorHandler','Invalid argument supplied for foreach()',''
'07/06/2020','11:25:00','ERR','ErrorHandler','Smarty error: unable to read resource: &quot;/var/www/siremis/siremis/themes/default/template/&quot;',''
'07/06/2020','22:12:48','ERR','ErrorHandler','Invalid argument supplied for foreach()',''
'07/06/2020','22:12:48','ERR','ErrorHandler','Invalid argument supplied for foreach()',''
'07/06/2020','22:12:48','ERR','ErrorHandler','Smarty error: unable to read resource: &quot;/var/www/siremis/siremis/themes/default/template/&quot;',''
'07/07/2020','12:34:44','ERR','ErrorHandler','Invalid argument supplied for foreach()',''
'07/07/2020','12:34:44','ERR','ErrorHandler','Invalid argument supplied for foreach()',''
'07/07/2020','12:34:44','ERR','ErrorHandler','Smarty error: unable to read resource: &quot;/var/www/siremis/siremis/themes/default/template/&quot;',''
'07/09/2020','10:30:55','ERR','ErrorHandler','require_once(/var/www/siremis/siremis): failed to open stream: No such file or directory',''
'07/09/2020','10:30:59','ERR','ErrorHandler','require_once(/var/www/siremis/siremis): failed to open stream: No such file or directory',''
'07/09/2020','10:32:09','ERR','ErrorHandler','require_once(/var/www/siremis/siremis): failed to open stream: No such file or directory',''
'07/10/2020','00:54:42','ERR','ErrorHandler','Invalid argument supplied for foreach()',''
'07/10/2020','00:54:42','ERR','ErrorHandler','Invalid argument supplied for foreach()',''
'07/10/2020','00:54:42','ERR','ErrorHandler','Smarty error: unable to read resource: &quot;/var/www/siremis/siremis/themes/default/template/&quot;',''
'07/10/2020','05:10:29','ERR','ErrorHandler','Invalid argument supplied for foreach()',''
'07/10/2020','05:10:29','ERR','ErrorHandler','Invalid argument supplied for foreach()',''
'07/10/2020','05:10:29','ERR','ErrorHandler','Smarty error: unable to read resource: &quot;/var/www/siremis/siremis/themes/default/template/&quot;',''
'07/10/2020','07:11:33','ERR','ErrorHandler','Invalid argument supplied for foreach()',''
'07/10/2020','07:11:33','ERR','ErrorHandler','Invalid argument supplied for foreach()',''
'07/10/2020','07:11:33','ERR','ErrorHandler','Smarty error: unable to read resource: &quot;/var/www/siremis/siremis/themes/default/template/&quot;',''
'07/10/2020','07:27:03','ERR','ErrorHandler','Invalid argument supplied for foreach()',''
'07/10/2020','07:27:03','ERR','ErrorHandler','Invalid argument supplied for foreach()',''
'07/10/2020','07:27:03','ERR','ErrorHandler','Smarty error: unable to read resource: &quot;/var/www/siremis/siremis/themes/default/template/&quot;',''
'07/10/2020','16:18:03','ERR','ErrorHandler','Invalid argument supplied for foreach()',''
'07/10/2020','16:18:03','ERR','ErrorHandler','Invalid argument supplied for foreach()',''
'07/10/2020','16:18:03','ERR','ErrorHandler','Smarty error: unable to read resource: &quot;/var/www/siremis/siremis/themes/default/template/&quot;',''
'07/13/2020','08:33:51','ERR','ErrorHandler','Invalid argument supplied for foreach()',''
'07/13/2020','08:33:51','ERR','ErrorHandler','Invalid argument supplied for foreach()',''
'07/13/2020','08:33:51','ERR','ErrorHandler','Smarty error: unable to read resource: &quot;/var/www/siremis/siremis/themes/default/template/&quot;',''
'07/15/2020','11:12:32','ERR','ErrorHandler','Invalid argument supplied for foreach()',''
'07/15/2020','11:12:32','ERR','ErrorHandler','Invalid argument supplied for foreach()',''
'07/15/2020','11:12:32','ERR','ErrorHandler','Smarty error: unable to read resource: &quot;/var/www/siremis/siremis/themes/default/template/&quot;',''
'07/15/2020','22:09:14','ERR','ErrorHandler','Invalid argument supplied for foreach()',''
'07/15/2020','22:09:14','ERR','ErrorHandler','Invalid argument supplied for foreach()',''
'07/15/2020','22:09:14','ERR','ErrorHandler','Smarty error: unable to read resource: &quot;/var/www/siremis/siremis/themes/default/template/&quot;',''
'07/15/2020','22:13:07','ERR','ErrorHandler','Invalid argument supplied for foreach()',''
'07/15/2020','22:13:07','ERR','ErrorHandler','Invalid argument supplied for foreach()',''
'07/15/2020','22:13:07','ERR','ErrorHandler','Smarty error: unable to read resource: &quot;/var/www/siremis/siremis/themes/default/template/&quot;',''
'07/16/2020','04:38:08','ERR','ErrorHandler','Invalid argument supplied for foreach()',''
'07/16/2020','04:38:08','ERR','ErrorHandler','Invalid argument supplied for foreach()',''
'07/16/2020','04:38:08','ERR','ErrorHandler','Smarty error: unable to read resource: &quot;/var/www/siremis/siremis/themes/default/template/&quot;',''
'07/16/2020','04:38:48','ERR','ErrorHandler','Invalid argument supplied for foreach()',''
'07/16/2020','04:38:48','ERR','ErrorHandler','Invalid argument supplied for foreach()',''
'07/16/2020','04:38:48','ERR','ErrorHandler','Smarty error: unable to read resource: &quot;/var/www/siremis/siremis/themes/default/template/&quot;',''
'07/16/2020','10:05:37','ERR','ErrorHandler','Invalid argument supplied for foreach()',''
'07/16/2020','10:05:48','ERR','ErrorHandler','Invalid argument supplied for foreach()',''
'07/16/2020','10:54:12','ERR','ErrorHandler','array_merge(): Argument #2 is not an array',''
'07/16/2020','10:54:12','ERR','ErrorHandler','Invalid argument supplied for foreach()',''
'07/17/2020','09:37:14','ERR','ErrorHandler','Invalid argument supplied for foreach()',''
'07/17/2020','09:37:14','ERR','ErrorHandler','Invalid argument supplied for foreach()',''
'07/17/2020','09:37:14','ERR','ErrorHandler','Smarty error: unable to read resource: &quot;/var/www/siremis/siremis/themes/default/template/&quot;',''
'07/17/2020','10:34:14','ERR','ErrorHandler','array_merge(): Argument #2 is not an array',''
'07/17/2020','10:34:14','ERR','ErrorHandler','Invalid argument supplied for foreach()',''
'07/20/2020','01:44:09','ERR','DATAOBJ','Query Error: SQLSTATE[42S22]: Column not found: 1054 Unknown column 'T0.id' in 'field list'','n/a'
'07/20/2020','02:00:12','ERR','DATAOBJ','Query Error: SQLSTATE[42S02]: Base table or view not found: 1146 Table 'kamailio.secfilter' doesn't exist','n/a'
'07/20/2020','02:01:20','ERR','DATAOBJ','Query Error: SQLSTATE[42S02]: Base table or view not found: 1146 Table 'kamailio.secfilter' doesn't exist','n/a'
'07/20/2020','02:05:44','ERR','DATAOBJ','Query Error: SQLSTATE[42S02]: Base table or view not found: 1146 Table 'kamailio.secfilter' doesn't exist','n/a'
'07/20/2020','02:07:00','ERR','DATAOBJ','Query Error: SQLSTATE[42S02]: Base table or view not found: 1146 Table 'kamailio.secfilter' doesn't exist','n/a'
'07/20/2020','02:07:11','ERR','DATAOBJ','Query Error: SQLSTATE[42S02]: Base table or view not found: 1146 Table 'kamailio.secfilter' doesn't exist','n/a'
'07/20/2020','02:08:02','ERR','DATAOBJ','Query Error: SQLSTATE[42S02]: Base table or view not found: 1146 Table 'kamailio.secfilter' doesn't exist','n/a'
'07/20/2020','02:08:15','ERR','DATAOBJ','Query Error: SQLSTATE[42S22]: Column not found: 1054 Unknown column 'T0.id' in 'field list'','n/a'
'07/20/2020','02:18:55','ERR','DATAOBJ','Query Error: SQLSTATE[42S02]: Base table or view not found: 1146 Table 'kamailio.secfilter' doesn't exist','n/a'
'07/20/2020','02:19:09','ERR','DATAOBJ','Query Error: SQLSTATE[42S22]: Column not found: 1054 Unknown column 'T0.id' in 'field list'','n/a'
'07/20/2020','02:21:26','ERR','DATAOBJ','Query Error: SQLSTATE[42S02]: Base table or view not found: 1146 Table 'kamailio.secfilter' doesn't exist','n/a'
'07/20/2020','07:21:47','ERR','ErrorHandler','require_once(XML/RPC.php): failed to open stream: No such file or directory',''
'07/23/2020','00:48:17','ERR','DATAOBJ','Query Error: SQLSTATE[42S02]: Base table or view not found: 1146 Table 'kamailio.secfilter' doesn't exist','n/a'
'07/23/2020','00:48:44','ERR','DATAOBJ','Query Error: SQLSTATE[42S22]: Column not found: 1054 Unknown column 'T0.id' in 'field list'','n/a'
'07/23/2020','06:31:04','ERR','ErrorHandler','require_once(XML/RPC.php): failed to open stream: No such file or directory',''
'07/24/2020','07:57:03','ERR','ErrorHandler','include_once(/var/www/siremis/siremis/bin/cronjob/cronService.php): failed to open stream: No such file or directory',''
'07/24/2020','07:57:03','ERR','ErrorHandler','include_once(): Failed opening '/var/www/siremis/siremis/bin/cronjob/cronService.php' for inclusion (include_path='.:/usr/share/php:/var/www/siremis/openbiz/others/')',''
'07/29/2020','07:43:19','ERR','ErrorHandler','Invalid argument supplied for foreach()',''
'07/29/2020','07:43:19','ERR','ErrorHandler','Invalid argument supplied for foreach()',''
'07/29/2020','07:43:19','ERR','ErrorHandler','Smarty error: unable to read resource: &quot;/var/www/siremis/siremis/themes/default/template/&quot;',''
'07/29/2020','12:24:39','ERR','ErrorHandler','Invalid argument supplied for foreach()',''
'07/29/2020','12:24:39','ERR','ErrorHandler','Invalid argument supplied for foreach()',''
'07/29/2020','12:24:39','ERR','ErrorHandler','Smarty error: unable to read resource: &quot;/var/www/siremis/siremis/themes/default/template/&quot;',''
'07/31/2020','00:00:04','ERR','DATAOBJ','Query Error: SQLSTATE[42S02]: Base table or view not found: 1146 Table 'kamailio.secfilter' doesn't exist','n/a'
'07/31/2020','00:01:00','ERR','DATAOBJ','Query Error: SQLSTATE[42S22]: Column not found: 1054 Unknown column 'T0.id' in 'field list'','n/a'
'07/31/2020','05:01:18','ERR','ErrorHandler','require_once(XML/RPC.php): failed to open stream: No such file or directory',''
'08/03/2020','03:15:47','ERR','DATAOBJ','Query Error: SQLSTATE[42S02]: Base table or view not found: 1146 Table 'kamailio.secfilter' doesn't exist','n/a'
'08/03/2020','11:38:26','ERR','ErrorHandler','array_merge(): Argument #2 is not an array',''
'08/03/2020','11:38:26','ERR','ErrorHandler','Invalid argument supplied for foreach()',''
'08/21/2020','03:06:41','ERR','ErrorHandler','Invalid argument supplied for foreach()',''
'08/21/2020','03:06:41','ERR','ErrorHandler','Invalid argument supplied for foreach()',''
'08/21/2020','03:06:41','ERR','ErrorHandler','Smarty error: unable to read resource: &quot;/var/www/siremis/siremis/themes/default/template/&quot;',''
